<?xml version="1.0" encoding="UTF-8"?>
<testng-results skipped="0" failed="0" ignored="0" total="1" passed="1">
  <reporter-output>
  </reporter-output>
  <suite name="com.tvo.test.DocsAndSeriesTest" duration-ms="9803" started-at="2022-08-18T14:43:04Z" finished-at="2022-08-18T14:43:14Z">
    <groups>
    </groups>
    <test name="Command line test" duration-ms="9803" started-at="2022-08-18T14:43:04Z" finished-at="2022-08-18T14:43:14Z">
      <class name="com.tvo.test.DocsAndSeriesTest">
        <test-method status="PASS" signature="logging()[pri:0, instance:com.tvo.test.DocsAndSeriesTest@15975490]" name="logging" is-config="true" duration-ms="1116" started-at="2022-08-18T14:43:04Z" finished-at="2022-08-18T14:43:05Z">
          <reporter-output>
          </reporter-output>
        </test-method> <!-- logging -->
        <test-method status="PASS" signature="pageInstantiation()[pri:0, instance:com.tvo.test.DocsAndSeriesTest@15975490]" name="pageInstantiation" is-config="true" duration-ms="33" started-at="2022-08-18T14:43:05Z" finished-at="2022-08-18T14:43:05Z">
          <reporter-output>
          </reporter-output>
        </test-method> <!-- pageInstantiation -->
        <test-method status="PASS" signature="init()[pri:0, instance:com.tvo.test.DocsAndSeriesTest@15975490]" name="init" is-config="true" duration-ms="4606" started-at="2022-08-18T14:43:05Z" finished-at="2022-08-18T14:43:10Z">
          <reporter-output>
          </reporter-output>
        </test-method> <!-- init -->
        <test-method status="PASS" signature="aboutThisItem_test()[pri:1, instance:com.tvo.test.DocsAndSeriesTest@15975490]" name="aboutThisItem_test" duration-ms="3222" started-at="2022-08-18T14:43:10Z" finished-at="2022-08-18T14:43:13Z">
          <reporter-output>
          </reporter-output>
        </test-method> <!-- aboutThisItem_test -->
        <test-method status="PASS" signature="tearDown(org.testng.ITestResult)[pri:0, instance:com.tvo.test.DocsAndSeriesTest@15975490]" name="tearDown" is-config="true" duration-ms="6" started-at="2022-08-18T14:43:13Z" finished-at="2022-08-18T14:43:13Z">
          <params>
            <param index="0">
              <value>
                <![CDATA[[TestResult name=aboutThisItem_test status=SUCCESS method=DocsAndSeriesTest.aboutThisItem_test()[pri:1, instance:com.tvo.test.DocsAndSeriesTest@15975490] output={null}]]]>
              </value>
            </param>
          </params>
          <reporter-output>
          </reporter-output>
        </test-method> <!-- tearDown -->
        <test-method status="PASS" signature="quit()[pri:0, instance:com.tvo.test.DocsAndSeriesTest@15975490]" name="quit" is-config="true" duration-ms="797" started-at="2022-08-18T14:43:13Z" finished-at="2022-08-18T14:43:14Z">
          <reporter-output>
          </reporter-output>
        </test-method> <!-- quit -->
      </class> <!-- com.tvo.test.DocsAndSeriesTest -->
    </test> <!-- Command line test -->
  </suite> <!-- com.tvo.test.DocsAndSeriesTest -->
</testng-results>
